2021/06/14 20:38:04.319 [main] INFO   「DBからデータを取得して画面遷移」を開始します。
2021/06/14 20:38:06.548 [main] ERROR  testaaa
2021/06/14 20:46:26.204 [main] INFO   「DBからデータを取得して画面遷移」を開始します。
2021/06/14 21:01:03.860 [main] INFO   「DBからデータを取得して画面遷移」を開始します。
2021/06/14 22:02:07.837 [main] INFO   「DBからデータを取得して画面遷移」を開始します。
2021/06/14 22:02:45.456 [main] INFO   「DBからデータを取得して画面遷移」を開始します。
2021/06/14 22:02:53.987 [main] INFO   「DBからデータを取得して画面遷移」を開始します。
2021/06/14 22:03:13.534 [main] INFO   「DBからデータを取得して画面遷移」を開始します。
2021/06/14 22:04:35.482 [main] INFO   「DBからデータを取得して画面遷移」を開始します。
2021/06/14 22:17:21.395 [main] INFO   「DBからデータを取得して画面遷移」を開始します。
2021/06/14 22:18:59.310 [main] INFO   「DBからデータを取得して画面遷移」を開始します。
2021/06/14 22:21:54.377 [main] INFO   「DBからデータを取得して画面遷移」を開始します。
2021/06/14 22:23:59.658 [main] INFO   「DBからデータを取得して画面遷移」を開始します。
2021/06/14 22:28:43.127 [main] INFO   「DBからデータを取得して画面遷移」を開始します。
2021/06/14 22:29:40.831 [main] INFO   「DBからデータを取得して画面遷移」を開始します。
2021/06/14 22:30:09.829 [main] INFO   「DBからデータを取得して画面遷移」を開始します。
2021/06/14 22:31:12.551 [main] INFO   「DBからデータを取得して画面遷移」を開始します。
2021/06/14 22:31:38.386 [main] INFO   「DBからデータを取得して画面遷移」を開始します。
2021/06/14 22:34:52.579 [main] INFO   「DBからデータを取得して画面遷移」を開始します。
2021/06/15 19:02:46.303 [main] INFO   「DBからデータを取得して画面遷移」を開始します。
2021/06/15 19:02:46.312 [main] ERROR  エラー画面ファイルのパスが見つかりません。
2021/06/15 19:05:23.280 [main] INFO   「DBからデータを取得して画面遷移」を開始します。
2021/06/15 19:08:13.598 [main] INFO   「DBからデータを取得して画面遷移」を開始します。
2021/06/15 19:09:39.414 [main] INFO   「DBからデータを取得して画面遷移」を開始します。
2021/06/15 19:12:03.240 [main] INFO   「DBからデータを取得して画面遷移」を開始します。
2021/06/15 19:17:50.331 [main] INFO   「DBからデータを取得して画面遷移」を開始します。
2021/06/15 19:44:37.397 [main] INFO   「DBからデータを取得して画面遷移」を開始します。
2021/06/15 20:16:27.170 [main] INFO   「DBからデータを取得して画面遷移」を開始します。
2021/06/15 20:57:20.423 [main] INFO   uDBf[^擾ĉʑJځvJn܂B
2021/06/15 20:57:20.429 [main] ERROR  No suitable driver found for jdbc:postgresql://localhost:5432/postgres
2021/06/15 21:07:24.475 [http-nio-8080-exec-3] INFO   「DBからデータを取得して画面遷移」を開始します。
2021/06/15 21:09:54.594 [http-nio-8080-exec-3] INFO   「DBからデータを取得して画面遷移」を開始します。
2021/06/15 21:18:40.222 [main] INFO   uDBf[^擾ĉʑJځvJn܂B
2021/06/15 21:18:40.228 [main] INFO   SQLs܂: select id, name, email from Employee;
2021/06/15 21:18:40.230 [main] ERROR  No suitable driver found for jdbc:postgresql://localhost:5432/postgres
2021/06/15 21:18:40.230 [main] INFO   Jڐ:  C:\Users\suzuk\eclipse-workspace\lowcodeframework\src\test\resources\view\system_error.jsp
2021/06/15 21:21:30.826 [main] INFO   uDBf[^擾ĉʑJځvJn܂B
2021/06/15 21:21:30.826 [main] INFO   SQLs܂: select id, name, email from Employee;
2021/06/15 21:21:30.826 [main] ERROR  No suitable driver found for jdbc:postgresql://localhost:5432/postgres
2021/06/15 21:21:30.826 [main] INFO   Jڐ:  C:\Users\suzuk\eclipse-workspace\lowcodeframework\src\test\resources\view\system_error.jsp
2021/06/15 21:22:44.715 [http-nio-8080-exec-3] INFO   「DBからデータを取得して画面遷移」を開始します。
2021/06/15 21:22:44.719 [http-nio-8080-exec-3] INFO   SQLを実行します: select id, name, email from Employee;
2021/06/15 21:22:45.277 [http-nio-8080-exec-3] INFO   遷移先画面:  C:\Users\suzuk\eclipse-workspace\lowcodeframework\src\test\resources\view\test_get.jsp
2021/06/15 21:22:45.277 [http-nio-8080-exec-3] INFO   「DBからデータを取得して画面遷移」を終了します。
2021/06/15 21:32:01.066 [main] INFO   uDBf[^擾ĉʑJځvJn܂B
2021/06/15 21:32:01.070 [main] ERROR  Viewt@C̃pX܂B
2021/06/15 21:32:33.510 [http-nio-8080-exec-3] INFO   「DBからデータを取得して画面遷移」を開始します。
2021/06/15 21:32:33.513 [http-nio-8080-exec-3] ERROR  Viewファイルのパスが見つかりません。
2021/06/15 21:35:57.346 [main] INFO   uDBf[^擾ĉʑJځvJn܂B
2021/06/15 21:35:57.352 [main] INFO   SQLs܂: select id, name, email from Employee;
2021/06/15 21:35:57.354 [main] ERROR  No suitable driver found for jdbc:postgresql://localhost:5432/postgres
2021/06/15 21:35:57.354 [main] INFO   Jڐ:  C:\Users\suzuk\eclipse-workspace\lowcodeframework\src\test\resources\view\system_error.jsp
2021/06/15 21:36:33.570 [http-nio-8080-exec-3] INFO   「DBからデータを取得して画面遷移」を開始します。
2021/06/15 21:36:33.574 [http-nio-8080-exec-3] INFO   SQLを実行します: select id, name, email from Employee;
2021/06/15 21:36:34.125 [http-nio-8080-exec-3] INFO   遷移先画面:  C:\Users\suzuk\eclipse-workspace\testproject\src\main\webapp\test.jsp
2021/06/15 21:36:34.125 [http-nio-8080-exec-3] INFO   「DBからデータを取得して画面遷移」を終了します。
2021/06/15 21:40:14.199 [main] INFO   uDBf[^擾ĉʑJځvJn܂B
2021/06/15 21:40:14.206 [main] INFO   SQLs܂: select id, name, email from Employee;
2021/06/15 21:40:14.207 [main] ERROR  No suitable driver found for jdbc:postgresql://localhost:5432/postgres
2021/06/15 21:40:14.207 [main] INFO   Jڐ:  C:\Users\suzuk\eclipse-workspace\lowcodeframework\src\test\resources\view\system_error.jsp
2021/06/15 21:40:45.448 [http-nio-8080-exec-3] INFO   「DBからデータを取得して画面遷移」を開始します。
2021/06/15 21:40:45.451 [http-nio-8080-exec-3] INFO   SQLを実行します: select id, name, email from Employee;
2021/06/15 21:40:46.040 [http-nio-8080-exec-3] INFO   遷移先画面:  C:\Users\suzuk\eclipse-workspace\testproject\src\main\webapp\test.jsp
2021/06/15 21:40:46.040 [http-nio-8080-exec-3] INFO   「DBからデータを取得して画面遷移」を終了します。
2021/06/15 21:44:06.656 [http-nio-8080-exec-8] INFO   「DBからデータを取得して画面遷移」を開始します。
2021/06/15 21:44:06.660 [http-nio-8080-exec-8] INFO   SQLを実行します: select id, name, email from Employee;
2021/06/15 21:44:06.757 [http-nio-8080-exec-8] INFO   遷移先画面:  C:\Users\suzuk\eclipse-workspace\testproject\src\main\webapp\test.jsp
2021/06/15 21:44:06.757 [http-nio-8080-exec-8] INFO   「DBからデータを取得して画面遷移」を終了します。
2021/06/15 21:44:14.345 [http-nio-8080-exec-1] INFO   「DBからデータを取得して画面遷移」を開始します。
2021/06/15 21:44:14.348 [http-nio-8080-exec-1] INFO   SQLを実行します: select id, name, email from Employee;
2021/06/15 21:44:14.424 [http-nio-8080-exec-1] INFO   遷移先画面:  C:\Users\suzuk\eclipse-workspace\testproject\src\main\webapp\test.jsp
2021/06/15 21:44:14.424 [http-nio-8080-exec-1] INFO   「DBからデータを取得して画面遷移」を終了します。
2021/06/15 21:53:06.416 [main] INFO   uDBf[^擾ĉʑJځvJn܂B
2021/06/15 21:53:06.421 [main] INFO   SQLs܂: select id, name, email from Employee;
2021/06/15 21:53:06.423 [main] ERROR  No suitable driver found for jdbc:postgresql://localhost:5432/postgres
2021/06/15 21:53:06.423 [main] INFO   Jڐ:  /system_error.jsp
2021/06/15 21:54:17.968 [http-nio-8080-exec-3] INFO   「DBからデータを取得して画面遷移」を開始します。
2021/06/15 21:54:17.971 [http-nio-8080-exec-3] INFO   SQLを実行します: select id, name, email from Employee;
2021/06/15 21:54:18.475 [http-nio-8080-exec-3] INFO   遷移先画面:  /test_get.jsp
2021/06/15 21:54:18.475 [http-nio-8080-exec-3] INFO   「DBからデータを取得して画面遷移」を終了します。
2021/06/15 22:53:26.709 [main] INFO   「DBからデータを取得して画面遷移」を開始します。
2021/06/15 22:53:26.716 [main] INFO   SQLを実行します: select id, name, email from Employee;
2021/06/15 22:53:27.582 [main] INFO   遷移先画面:  /test_get.jsp
2021/06/15 22:53:27.582 [main] INFO   「DBからデータを取得して画面遷移」を終了します。
2021/06/15 22:55:01.983 [main] INFO   「DBからデータを取得して画面遷移」を開始します。
2021/06/15 22:55:02.076 [main] INFO   SQLを実行します: select id, name, email from Employee;
2021/06/15 22:55:16.620 [main] INFO   「DBからデータを取得して画面遷移」を開始します。
2021/06/15 22:55:16.625 [main] INFO   SQLを実行します: select id, name, email from Employee;
2021/06/15 22:55:17.614 [main] INFO   遷移先画面:  /test_get.jsp
2021/06/15 22:55:17.614 [main] INFO   「DBからデータを取得して画面遷移」を終了します。
2021/06/15 23:03:54.203 [main] INFO   「DBからデータを取得して画面遷移」を開始します。
2021/06/15 23:03:54.207 [main] INFO   SQLを実行します: select id, name, email from Employee;
2021/06/15 23:03:54.292 [main] INFO   遷移先画面:  /test_get.jsp
2021/06/15 23:03:54.293 [main] INFO   「DBからデータを取得して画面遷移」を終了します。
2021/06/15 23:06:24.791 [main] INFO   「DBからデータを取得して画面遷移」を開始します。
2021/06/15 23:06:24.798 [main] INFO   SQLを実行します: select id, name, email from Employee;
2021/06/15 23:06:24.903 [main] INFO   遷移先画面:  /test_get.jsp
2021/06/15 23:06:24.903 [main] INFO   「DBからデータを取得して画面遷移」を終了します。
2021/06/15 23:09:45.418 [main] INFO   「DBからデータを取得して画面遷移」を開始します。
2021/06/15 23:09:45.422 [main] INFO   SQLを実行します: select id, name, email from Employee;
2021/06/15 23:09:45.507 [main] INFO   遷移先画面:  /test_get.jsp
2021/06/15 23:09:45.508 [main] INFO   「DBからデータを取得して画面遷移」を終了します。
2021/06/15 23:25:29.385 [main] INFO   uDBf[^擾ĉʑJځvJn܂B
2021/06/15 23:25:29.391 [main] INFO   SQLs܂: select id, name, email from Employee;
2021/06/15 23:25:29.392 [main] ERROR  No suitable driver found for jdbc:postgresql://localhost:5432/postgres
2021/06/15 23:25:29.392 [main] INFO   Jڐ:  /system_error.jsp
2021/06/15 23:25:29.463 [main] INFO   uDBf[^擾ĉʑJځvJn܂B
2021/06/15 23:25:29.466 [main] INFO   SQLs܂: select id, name, email from Employee;
2021/06/15 23:25:29.467 [main] ERROR  No suitable driver found for jdbc:postgresql://localhost:5432/postgres
2021/06/15 23:25:29.467 [main] INFO   Jڐ:  /system_error.jsp
2021/06/15 23:26:52.139 [http-nio-8080-exec-3] INFO   「DBからデータを取得して画面遷移」を開始します。
2021/06/15 23:26:52.143 [http-nio-8080-exec-3] INFO   SQLを実行します: select id, name, email from Employee;
2021/06/15 23:26:52.752 [http-nio-8080-exec-3] INFO   遷移先画面:  /test_get.jsp
2021/06/15 23:26:52.752 [http-nio-8080-exec-3] INFO   「DBからデータを取得して画面遷移」を終了します。
2021/06/15 23:28:45.102 [http-nio-8080-exec-8] INFO   「DBからデータを取得して画面遷移」を開始します。
2021/06/15 23:28:45.105 [http-nio-8080-exec-8] INFO   SQLを実行します: select id, name, email from Employee;
2021/06/15 23:28:45.695 [http-nio-8080-exec-8] INFO   遷移先画面:  /test_get.jsp
2021/06/15 23:28:45.695 [http-nio-8080-exec-8] INFO   「DBからデータを取得して画面遷移」を終了します。
2021/06/16 00:03:34.902 [main] INFO   「DBからデータを取得して画面遷移」を開始します。
2021/06/16 00:03:34.907 [main] INFO   SQLを実行します: select id, name, email from Employee;
2021/06/16 00:03:34.992 [main] ERROR  想定外のエラーが発生しました。null
2021/06/16 00:05:35.914 [main] INFO   「DBからデータを取得して画面遷移」を開始します。
2021/06/16 00:05:35.920 [main] INFO   SQLを実行します: select id, name, email from Employee;
2021/06/16 00:06:12.590 [main] ERROR  想定外のエラーが発生しました。null
2021/06/16 00:07:06.733 [main] INFO   「DBからデータを取得して画面遷移」を開始します。
2021/06/16 00:07:06.739 [main] INFO   SQLを実行します: select id, name, email from Employee;
2021/06/16 00:07:37.773 [main] INFO   遷移先画面:  /test_get.jsp
2021/06/16 00:07:41.984 [main] INFO   「DBからデータを取得して画面遷移」を終了します。
2021/06/16 00:08:08.787 [main] INFO   uDBf[^擾ĉʑJځvJn܂B
2021/06/16 00:08:08.793 [main] INFO   SQLs܂: select id, name, email from Employee;
2021/06/16 00:08:08.793 [main] ERROR  No suitable driver found for jdbc:postgresql://localhost:5432/postgres
2021/06/16 00:08:08.793 [main] INFO   Jڐ:  /system_error.jsp
2021/06/16 00:08:55.234 [http-nio-8080-exec-2] INFO   「DBからデータを取得して画面遷移」を開始します。
2021/06/16 00:08:55.238 [http-nio-8080-exec-2] INFO   SQLを実行します: select id, name, email from Employee;
2021/06/16 00:08:55.891 [http-nio-8080-exec-2] INFO   遷移先画面:  /test_get.jsp
2021/06/16 00:08:55.891 [http-nio-8080-exec-2] INFO   「DBからデータを取得して画面遷移」を終了します。
2021/06/16 00:09:48.020 [http-nio-8080-exec-7] INFO   「DBからデータを取得して画面遷移」を開始します。
2021/06/16 00:09:48.024 [http-nio-8080-exec-7] INFO   SQLを実行します: select id, name, email from Employee;
2021/06/16 00:09:48.109 [http-nio-8080-exec-7] INFO   遷移先画面:  /test_get.jsp
2021/06/16 00:09:48.109 [http-nio-8080-exec-7] INFO   「DBからデータを取得して画面遷移」を終了します。
2021/06/16 00:10:16.084 [http-nio-8080-exec-1] INFO   「DBからデータを取得して画面遷移」を開始します。
2021/06/16 00:10:16.086 [http-nio-8080-exec-1] INFO   SQLを実行します: select id, name, email from Employee;
2021/06/16 00:10:16.154 [http-nio-8080-exec-1] INFO   遷移先画面:  /test_get.jsp
2021/06/16 00:10:16.154 [http-nio-8080-exec-1] INFO   「DBからデータを取得して画面遷移」を終了します。
2021/06/16 00:14:38.596 [http-nio-8080-exec-5] INFO   「DBからデータを取得して画面遷移」を開始します。
2021/06/16 00:14:38.600 [http-nio-8080-exec-5] INFO   SQLを実行します: select id, name, email from Employee;
2021/06/16 00:14:38.672 [http-nio-8080-exec-5] INFO   遷移先画面:  /test_get.jsp
2021/06/16 00:14:38.672 [http-nio-8080-exec-5] INFO   「DBからデータを取得して画面遷移」を終了します。
2021/06/16 00:15:11.327 [http-nio-8080-exec-8] INFO   「DBからデータを取得して画面遷移」を開始します。
2021/06/16 00:15:11.331 [http-nio-8080-exec-8] INFO   SQLを実行します: select id, name, email from Employee;
2021/06/16 00:15:11.401 [http-nio-8080-exec-8] INFO   遷移先画面:  /test_get.jsp
2021/06/16 00:15:11.401 [http-nio-8080-exec-8] INFO   「DBからデータを取得して画面遷移」を終了します。
2021/06/16 00:16:01.766 [http-nio-8080-exec-3] INFO   「DBからデータを取得して画面遷移」を開始します。
2021/06/16 00:16:01.769 [http-nio-8080-exec-3] INFO   SQLを実行します: select id, name, email from Employee;
2021/06/16 00:16:01.862 [http-nio-8080-exec-3] INFO   遷移先画面:  /test_get.jsp
2021/06/16 00:16:01.862 [http-nio-8080-exec-3] INFO   「DBからデータを取得して画面遷移」を終了します。
2021/06/16 00:16:36.041 [http-nio-8080-exec-6] INFO   「DBからデータを取得して画面遷移」を開始します。
2021/06/16 00:16:36.044 [http-nio-8080-exec-6] INFO   SQLを実行します: select id, name, email from Employee;
2021/06/16 00:16:36.114 [http-nio-8080-exec-6] INFO   遷移先画面:  /test_get.jsp
2021/06/16 00:16:36.114 [http-nio-8080-exec-6] INFO   「DBからデータを取得して画面遷移」を終了します。
2021/06/16 00:17:24.745 [http-nio-8080-exec-10] INFO   「DBからデータを取得して画面遷移」を開始します。
2021/06/16 00:17:24.747 [http-nio-8080-exec-10] INFO   SQLを実行します: select id, name, email from Employee;
2021/06/16 00:17:24.820 [http-nio-8080-exec-10] INFO   遷移先画面:  /test_get.jsp
2021/06/16 00:17:24.820 [http-nio-8080-exec-10] INFO   「DBからデータを取得して画面遷移」を終了します。
2021/06/16 00:17:55.109 [http-nio-8080-exec-2] INFO   「DBからデータを取得して画面遷移」を開始します。
2021/06/16 00:17:55.112 [http-nio-8080-exec-2] INFO   SQLを実行します: select id, name, email from Employee;
2021/06/16 00:17:55.192 [http-nio-8080-exec-2] INFO   遷移先画面:  /test_get.jsp
2021/06/16 00:17:55.192 [http-nio-8080-exec-2] INFO   「DBからデータを取得して画面遷移」を終了します。
2021/06/16 00:21:08.187 [http-nio-8080-exec-7] INFO   「DBからデータを取得して画面遷移」を開始します。
2021/06/16 00:21:08.189 [http-nio-8080-exec-7] INFO   SQLを実行します: select id, name, email from Employee;
2021/06/16 00:21:08.263 [http-nio-8080-exec-7] INFO   遷移先画面:  /test_get.jsp
2021/06/16 00:21:08.263 [http-nio-8080-exec-7] INFO   「DBからデータを取得して画面遷移」を終了します。
2021/06/16 00:21:57.772 [http-nio-8080-exec-10] INFO   「DBからデータを取得して画面遷移」を開始します。
2021/06/16 00:21:57.774 [http-nio-8080-exec-10] INFO   SQLを実行します: select id, name, email from Employee;
2021/06/16 00:21:57.985 [http-nio-8080-exec-10] INFO   遷移先画面:  /test_get.jsp
2021/06/16 00:21:57.985 [http-nio-8080-exec-10] INFO   「DBからデータを取得して画面遷移」を終了します。
2021/06/16 00:24:12.303 [http-nio-8080-exec-4] INFO   「DBからデータを取得して画面遷移」を開始します。
2021/06/16 00:24:12.305 [http-nio-8080-exec-4] INFO   SQLを実行します: select id, name, email from Employee;
2021/06/16 00:24:12.376 [http-nio-8080-exec-4] INFO   遷移先画面:  /test_get.jsp
2021/06/16 00:24:12.376 [http-nio-8080-exec-4] INFO   「DBからデータを取得して画面遷移」を終了します。
2021/06/16 00:25:21.827 [http-nio-8080-exec-6] INFO   「DBからデータを取得して画面遷移」を開始します。
2021/06/16 00:25:21.830 [http-nio-8080-exec-6] INFO   SQLを実行します: select id, name, email from Employee;
2021/06/16 00:25:21.895 [http-nio-8080-exec-6] INFO   遷移先画面:  /test_get.jsp
2021/06/16 00:25:21.895 [http-nio-8080-exec-6] INFO   「DBからデータを取得して画面遷移」を終了します。
2021/06/16 00:27:11.715 [http-nio-8080-exec-10] INFO   「DBからデータを取得して画面遷移」を開始します。
2021/06/16 00:27:11.717 [http-nio-8080-exec-10] INFO   SQLを実行します: select id, name, email from Employee;
2021/06/16 00:27:11.787 [http-nio-8080-exec-10] INFO   遷移先画面:  /test_get.jsp
2021/06/16 00:27:11.787 [http-nio-8080-exec-10] INFO   「DBからデータを取得して画面遷移」を終了します。
2021/06/16 00:29:33.901 [http-nio-8080-exec-4] INFO   「DBからデータを取得して画面遷移」を開始します。
2021/06/16 00:29:33.917 [http-nio-8080-exec-4] INFO   SQLを実行します: select id, name, email from Employee;
2021/06/16 00:29:34.089 [http-nio-8080-exec-4] INFO   遷移先画面:  /test_get.jsp
2021/06/16 00:29:34.089 [http-nio-8080-exec-4] INFO   「DBからデータを取得して画面遷移」を終了します。
2021/06/16 00:31:57.429 [http-nio-8080-exec-8] INFO   「DBからデータを取得して画面遷移」を開始します。
2021/06/16 00:31:57.431 [http-nio-8080-exec-8] INFO   SQLを実行します: select id, name, email from Employee;
2021/06/16 00:31:57.501 [http-nio-8080-exec-8] INFO   遷移先画面:  /test_get.jsp
2021/06/16 00:31:57.501 [http-nio-8080-exec-8] INFO   「DBからデータを取得して画面遷移」を終了します。
2021/06/16 00:33:37.996 [http-nio-8080-exec-1] INFO   「DBからデータを取得して画面遷移」を開始します。
2021/06/16 00:33:37.998 [http-nio-8080-exec-1] INFO   SQLを実行します: select id, name, email from Employee;
2021/06/16 00:33:38.085 [http-nio-8080-exec-1] INFO   遷移先画面:  /test_get.jsp
2021/06/16 00:33:38.085 [http-nio-8080-exec-1] INFO   「DBからデータを取得して画面遷移」を終了します。
2021/06/16 00:34:46.899 [http-nio-8080-exec-5] INFO   「DBからデータを取得して画面遷移」を開始します。
2021/06/16 00:34:46.902 [http-nio-8080-exec-5] INFO   SQLを実行します: select id, name, email from Employee;
2021/06/16 00:34:47.107 [http-nio-8080-exec-5] INFO   遷移先画面:  /test_get.jsp
2021/06/16 00:34:47.107 [http-nio-8080-exec-5] INFO   「DBからデータを取得して画面遷移」を終了します。
2021/06/16 00:35:25.003 [http-nio-8080-exec-9] INFO   「DBからデータを取得して画面遷移」を開始します。
2021/06/16 00:35:25.005 [http-nio-8080-exec-9] INFO   SQLを実行します: select id, name, email from Employee;
2021/06/16 00:35:25.073 [http-nio-8080-exec-9] INFO   遷移先画面:  /test_get.jsp
2021/06/16 00:35:25.073 [http-nio-8080-exec-9] INFO   「DBからデータを取得して画面遷移」を終了します。
2021/06/16 00:36:48.175 [http-nio-8080-exec-2] INFO   「DBからデータを取得して画面遷移」を開始します。
2021/06/16 00:36:48.177 [http-nio-8080-exec-2] INFO   SQLを実行します: select id, name, email from Employee;
2021/06/16 00:36:48.246 [http-nio-8080-exec-2] INFO   遷移先画面:  /test_get.jsp
2021/06/16 00:36:48.246 [http-nio-8080-exec-2] INFO   「DBからデータを取得して画面遷移」を終了します。
2021/06/16 00:38:29.970 [http-nio-8080-exec-7] INFO   「DBからデータを取得して画面遷移」を開始します。
2021/06/16 00:38:29.972 [http-nio-8080-exec-7] INFO   SQLを実行します: select id, name, email from Employee;
2021/06/16 00:38:30.166 [http-nio-8080-exec-7] INFO   遷移先画面:  /test_get.jsp
2021/06/16 00:38:30.166 [http-nio-8080-exec-7] INFO   「DBからデータを取得して画面遷移」を終了します。
2021/06/16 00:39:19.379 [http-nio-8080-exec-3] INFO   「DBからデータを取得して画面遷移」を開始します。
2021/06/16 00:39:19.382 [http-nio-8080-exec-3] INFO   SQLを実行します: select id, name, email from Employee;
2021/06/16 00:39:19.980 [http-nio-8080-exec-3] INFO   遷移先画面:  /test_get.jsp
2021/06/16 00:39:19.981 [http-nio-8080-exec-3] INFO   「DBからデータを取得して画面遷移」を終了します。
2021/06/16 00:40:41.590 [http-nio-8080-exec-3] INFO   「DBからデータを取得して画面遷移」を開始します。
2021/06/16 00:40:41.592 [http-nio-8080-exec-3] INFO   SQLを実行します: select id, name, email from Employee;
2021/06/16 00:40:42.187 [http-nio-8080-exec-3] INFO   遷移先画面:  /test_get.jsp
2021/06/16 00:40:42.188 [http-nio-8080-exec-3] INFO   「DBからデータを取得して画面遷移」を終了します。
2021/06/16 00:42:31.731 [http-nio-8080-exec-3] INFO   「DBからデータを取得して画面遷移」を開始します。
2021/06/16 00:42:31.734 [http-nio-8080-exec-3] INFO   SQLを実行します: select id, name, email from Employee;
2021/06/16 00:42:32.290 [http-nio-8080-exec-3] INFO   遷移先画面:  /test_get.jsp
2021/06/16 00:42:32.291 [http-nio-8080-exec-3] INFO   「DBからデータを取得して画面遷移」を終了します。
2021/06/16 00:44:32.728 [http-nio-8080-exec-3] INFO   「DBからデータを取得して画面遷移」を開始します。
2021/06/16 00:44:32.731 [http-nio-8080-exec-3] INFO   SQLを実行します: select id, name, email from Employee;
2021/06/16 00:44:33.281 [http-nio-8080-exec-3] INFO   遷移先画面:  /test_get.jsp
2021/06/16 00:44:33.281 [http-nio-8080-exec-3] INFO   「DBからデータを取得して画面遷移」を終了します。
2021/06/16 00:46:40.564 [http-nio-8080-exec-3] INFO   「DBからデータを取得して画面遷移」を開始します。
2021/06/16 00:46:40.568 [http-nio-8080-exec-3] INFO   SQLを実行します: select id, name, email from Employee;
2021/06/16 00:46:41.117 [http-nio-8080-exec-3] INFO   遷移先画面:  /test_get.jsp
2021/06/16 00:46:41.118 [http-nio-8080-exec-3] INFO   「DBからデータを取得して画面遷移」を終了します。
2021/06/16 00:55:18.139 [http-nio-8080-exec-3] INFO   「DBからデータを取得して画面遷移」を開始します。
2021/06/16 00:55:18.142 [http-nio-8080-exec-3] INFO   SQLを実行します: select id, name, email from Employee;
2021/06/16 00:55:18.795 [http-nio-8080-exec-3] INFO   遷移先画面:  /test_get.jsp
2021/06/16 00:55:18.795 [http-nio-8080-exec-3] INFO   「DBからデータを取得して画面遷移」を終了します。
2021/06/16 00:56:46.568 [http-nio-8080-exec-3] INFO   「DBからデータを取得して画面遷移」を開始します。
2021/06/16 00:56:46.570 [http-nio-8080-exec-3] INFO   SQLを実行します: select id, name, email from Employee;
2021/06/16 00:56:47.184 [http-nio-8080-exec-3] INFO   遷移先画面:  /test_get.jsp
2021/06/16 00:56:47.184 [http-nio-8080-exec-3] INFO   「DBからデータを取得して画面遷移」を終了します。
2021/06/16 00:58:19.051 [http-nio-8080-exec-7] INFO   「DBからデータを取得して画面遷移」を開始します。
2021/06/16 00:58:19.054 [http-nio-8080-exec-7] INFO   SQLを実行します: select id, name, email from Employee;
2021/06/16 00:58:19.137 [http-nio-8080-exec-7] INFO   遷移先画面:  /test_get.jsp
2021/06/16 00:58:19.137 [http-nio-8080-exec-7] INFO   「DBからデータを取得して画面遷移」を終了します。
2021/06/16 00:59:31.812 [http-nio-8080-exec-10] INFO   「DBからデータを取得して画面遷移」を開始します。
2021/06/16 00:59:31.812 [http-nio-8080-exec-10] INFO   SQLを実行します: select id, name, email from Employee;
2021/06/16 00:59:31.999 [http-nio-8080-exec-10] INFO   遷移先画面:  /test_get.jsp
2021/06/16 00:59:31.999 [http-nio-8080-exec-10] INFO   「DBからデータを取得して画面遷移」を終了します。
2021/06/16 01:03:11.589 [http-nio-8080-exec-3] INFO   「DBからデータを取得して画面遷移」を開始します。
2021/06/16 01:03:11.592 [http-nio-8080-exec-3] INFO   SQLを実行します: select id, name, email from Employee;
2021/06/16 01:03:12.186 [http-nio-8080-exec-3] INFO   遷移先画面:  /test_get.jsp
2021/06/16 01:03:12.186 [http-nio-8080-exec-3] INFO   「DBからデータを取得して画面遷移」を終了します。
2021/06/16 01:05:59.282 [http-nio-8080-exec-3] INFO   「DBからデータを取得して画面遷移」を開始します。
2021/06/16 01:05:59.284 [http-nio-8080-exec-3] INFO   SQLを実行します: select id, name, email from Employee;
2021/06/16 01:05:59.862 [http-nio-8080-exec-3] INFO   遷移先画面:  /test_get.jsp
2021/06/16 01:05:59.863 [http-nio-8080-exec-3] INFO   「DBからデータを取得して画面遷移」を終了します。
2021/06/16 19:16:43.509 [main] INFO   「DBにデータ保存をして画面遷移」を開始します。
2021/06/16 19:16:43.619 [main] INFO   SQLを実行します: INSERT INTO employee VALUES (2, 'yamada', 'yamada@test.co.jp');
2021/06/16 19:16:55.546 [main] ERROR  クエリは結果を返却しませんでした。
2021/06/16 19:16:55.547 [main] INFO   遷移先画面:  /system_error.jsp
2021/06/16 19:19:02.416 [main] INFO   「DBからデータを取得して画面遷移」を開始します。
2021/06/16 19:19:02.416 [main] INFO   SQLを実行します: select id, name, email from Employee;
2021/06/16 19:19:02.635 [main] INFO   遷移先画面:  /test_get.jsp
2021/06/16 19:19:02.635 [main] INFO   「DBからデータを取得して画面遷移」を終了します。
2021/06/16 19:25:58.329 [main] INFO   「DBにデータ保存をして画面遷移」を開始します。
2021/06/16 19:25:58.334 [main] INFO   SQLを実行します: INSERT INTO employee VALUES (2, 'yamada', 'yamada@test.co.jp');
2021/06/16 19:27:09.320 [main] ERROR  クエリは結果を返却しませんでした。
2021/06/16 19:27:09.321 [main] INFO   遷移先画面:  /system_error.jsp
2021/06/16 19:27:39.367 [main] INFO   「DBにデータ保存をして画面遷移」を開始します。
2021/06/16 19:27:39.375 [main] INFO   SQLを実行します: INSERT INTO Employee VALUES (2, 'yamada', 'yamada@test.co.jp');
2021/06/16 19:28:23.130 [main] ERROR  クエリは結果を返却しませんでした。
2021/06/16 19:28:23.130 [main] INFO   遷移先画面:  /system_error.jsp
2021/06/16 19:30:05.165 [main] INFO   「DBにデータ保存をして画面遷移」を開始します。
2021/06/16 19:30:05.171 [main] INFO   SQLを実行します: INSERT INTO Employee VALUES (2, 'yamada', 'yamada@test.co.jp');
2021/06/16 19:30:33.762 [main] ERROR  クエリは結果を返却しませんでした。
2021/06/16 19:30:33.762 [main] INFO   遷移先画面:  /system_error.jsp
2021/06/16 19:41:16.613 [main] INFO   「DBにデータ保存をして画面遷移」を開始します。
2021/06/16 19:41:16.613 [main] INFO   SQLを実行します: INSERT INTO Employee VALUES (2, 'yamada', 'yamada@test.co.jp');
2021/06/16 20:04:37.847 [main] INFO   「DBにデータ保存をして画面遷移」を開始します。
2021/06/16 20:04:37.863 [main] INFO   SQLを実行します: INSERT INTO Employee VALUES (2, 'yamada', 'yamada@test.co.jp');
2021/06/16 20:04:38.050 [main] INFO   遷移先画面:  /test_post.jsp
2021/06/16 20:04:38.050 [main] INFO   「DBにデータ保存をして画面遷移」を終了します。
2021/06/16 20:08:26.079 [main] INFO   「DBにデータ保存をして画面遷移」を開始します。
2021/06/16 20:08:45.889 [main] INFO   SQLを実行します: INSERT INTO Employee VALUES (2, 'yamada', 'yamada@test.co.jp');
2021/06/16 20:09:23.165 [main] INFO   遷移先画面:  /test_post.jsp
2021/06/16 20:09:29.628 [main] INFO   「DBにデータ保存をして画面遷移」を終了します。
2021/06/16 20:14:21.878 [main] INFO   「DBにデータ保存をして画面遷移」を開始します。
2021/06/16 20:14:27.191 [main] INFO   SQLを実行します: INSERT INTO Employee VALUES (2, 'yamada', 'yamada@test.co.jp');
2021/06/16 20:14:27.273 [main] INFO   遷移先画面:  /test_post.jsp
2021/06/16 20:14:27.274 [main] INFO   「DBにデータ保存をして画面遷移」を終了します。
2021/06/16 20:24:51.401 [main] INFO   「DBにデータ保存をして画面遷移」を開始します。
2021/06/16 20:24:51.510 [main] INFO   SQLを実行します: INSERT INTO Employee VALUES (2, 'yamada', 'yamada@test.co.jp');
2021/06/16 20:25:03.342 [main] INFO   遷移先画面:  /test_post.jsp
2021/06/16 20:25:03.342 [main] INFO   「DBにデータ保存をして画面遷移」を終了します。
2021/06/16 20:29:21.466 [main] INFO   「DBにデータ保存をして画面遷移」を開始します。
2021/06/16 20:29:21.466 [main] INFO   SQLを実行します: INSERT INTO Employee VALUES (2, 'yamada', 'yamada@test.co.jp');
2021/06/16 20:29:21.685 [main] INFO   遷移先画面:  /test_post.jsp
2021/06/16 20:29:21.685 [main] INFO   「DBにデータ保存をして画面遷移」を終了します。
2021/06/16 20:49:18.880 [main] INFO   「DBにデータ保存をして画面遷移」を開始します。
2021/06/16 20:49:18.896 [main] INFO   SQLを実行します: INSERT INTO Employee VALUES ({{id}}, '{{name}}', '{{emali}}');
2021/06/16 20:49:19.083 [main] ERROR  ERROR: "{"またはその近辺で構文エラー
  位置: 30
2021/06/16 20:49:19.083 [main] INFO   遷移先画面:  /system_error.jsp
2021/06/16 20:49:50.941 [main] INFO   「DBにデータ保存をして画面遷移」を開始します。
2021/06/16 20:49:50.947 [main] INFO   SQLを実行します: INSERT INTO Employee VALUES ({{id}}, '{{name}}', '{{emali}}');
2021/06/16 20:50:55.333 [main] ERROR  ERROR: "{"またはその近辺で構文エラー
  位置: 30
2021/06/16 20:50:55.334 [main] INFO   遷移先画面:  /system_error.jsp
2021/06/16 20:51:04.795 [main] INFO   「DBにデータ保存をして画面遷移」を開始します。
2021/06/16 20:51:04.800 [main] INFO   SQLを実行します: INSERT INTO Employee VALUES ({{id}}, '{{name}}', '{{email}}');
2021/06/16 20:51:34.771 [main] ERROR  ERROR: "{"またはその近辺で構文エラー
  位置: 30
2021/06/16 20:51:34.772 [main] INFO   遷移先画面:  /system_error.jsp
2021/06/16 20:51:41.610 [main] INFO   「DBにデータ保存をして画面遷移」を開始します。
2021/06/16 20:53:15.927 [main] INFO   「DBにデータ保存をして画面遷移」を開始します。
2021/06/16 20:53:34.138 [main] INFO   SQLを実行します: INSERT INTO Employee VALUES (2, 'yamada', 'yamada@test.co.jp');
2021/06/16 20:54:20.066 [main] INFO   遷移先画面:  /test_post.jsp
2021/06/16 20:54:20.066 [main] INFO   「DBにデータ保存をして画面遷移」を終了します。
2021/06/16 20:58:47.502 [main] INFO   「DBにデータ保存をして画面遷移」を開始します。
2021/06/16 20:58:47.502 [main] INFO   SQLを実行します: INSERT INTO Employee VALUES (2, 'yamada', 'yamada@test.co.jp');
2021/06/16 20:58:47.689 [main] INFO   遷移先画面:  /test_post.jsp
2021/06/16 20:58:47.689 [main] INFO   「DBにデータ保存をして画面遷移」を終了します。
2021/06/16 20:59:04.948 [main] INFO   「DBにデータ保存をして画面遷移」を開始します。
2021/06/16 20:59:04.964 [main] INFO   SQLを実行します: INSERT INTO Employee VALUES (2, 'yamada', 'yamada@test.co.jp');
2021/06/16 20:59:05.135 [main] INFO   遷移先画面:  /test_post.jsp
2021/06/16 20:59:05.135 [main] INFO   「DBにデータ保存をして画面遷移」を終了します。
2021/06/16 20:59:05.370 [main] INFO   「DBにデータ保存をして画面遷移」を開始します。
2021/06/16 20:59:05.385 [main] INFO   SQLを実行します: UPDATE Employee SET name=tanaka, email=tanaka@test.co.jp WHERE id={{id]};
2021/06/16 20:59:05.589 [main] ERROR  ERROR: "{"またはその近辺で構文エラー
  位置: 67
2021/06/16 20:59:05.589 [main] INFO   遷移先画面:  /system_error.jsp
2021/06/16 20:59:05.823 [main] INFO   「DBからデータを取得して画面遷移」を開始します。
2021/06/16 20:59:05.838 [main] INFO   SQLを実行します: select id, name, email from Employee;
2021/06/16 20:59:06.057 [main] INFO   遷移先画面:  /test_get.jsp
2021/06/16 20:59:06.057 [main] INFO   「DBからデータを取得して画面遷移」を終了します。
2021/06/16 21:00:32.366 [main] INFO   「DBにデータ保存をして画面遷移」を開始します。
2021/06/16 21:00:44.620 [main] INFO   SQLを実行します: UPDATE Employee SET name=tanaka, email=tanaka@test.co.jp WHERE id={{id]};
2021/06/16 21:02:25.837 [main] INFO   「DBにデータ保存をして画面遷移」を開始します。
2021/06/16 21:02:25.841 [main] INFO   SQLを実行します: UPDATE Employee SET name=tanaka, email=tanaka@test.co.jp WHERE id=1;
2021/06/16 21:02:25.939 [main] ERROR  ERROR: 列"tanaka"は存在しません
  位置: 26
2021/06/16 21:02:25.939 [main] INFO   遷移先画面:  /system_error.jsp
2021/06/16 21:05:14.396 [main] INFO   「DBにデータ保存をして画面遷移」を開始します。
2021/06/16 21:05:14.396 [main] INFO   SQLを実行します: UPDATE Employee SET name='tanaka', email='tanaka@test.co.jp' WHERE id=1;
2021/06/16 21:05:14.584 [main] INFO   遷移先画面:  /test_post.jsp
2021/06/16 21:05:14.584 [main] INFO   「DBにデータ保存をして画面遷移」を終了します。
2021/06/16 21:22:55.730 [main] INFO   「DBにデータ保存をして画面遷移」を開始します。
2021/06/16 21:22:55.737 [main] INFO   SQLを実行します: INSERT INTO Employee VALUES (2, 'yamada', 'yamada@test.co.jp');
2021/06/16 21:22:55.812 [main] INFO   遷移先画面:  /test_post.jsp
2021/06/16 21:22:55.812 [main] INFO   「DBにデータ保存をして画面遷移」を終了します。
2021/06/16 21:22:55.918 [main] INFO   「DBにデータ保存をして画面遷移」を開始します。
2021/06/16 21:22:55.923 [main] INFO   SQLを実行します: UPDATE Employee SET name='tanaka', email='tanaka@test.co.jp' WHERE id=1;
2021/06/16 21:22:56.007 [main] INFO   遷移先画面:  /test_post.jsp
2021/06/16 21:22:56.007 [main] INFO   「DBにデータ保存をして画面遷移」を終了します。
2021/06/16 21:22:56.112 [main] INFO   「DBからデータを取得して画面遷移」を開始します。
2021/06/16 21:22:56.120 [main] INFO   遷移先画面:  /index.jsp
2021/06/16 21:22:56.120 [main] INFO   「DBからデータを取得して画面遷移」を終了します。
2021/06/16 21:22:56.242 [main] INFO   「DBからデータを取得して画面遷移」を開始します。
2021/06/16 21:22:56.246 [main] INFO   SQLを実行します: select id, name, email from Employee;
2021/06/16 21:22:56.322 [main] INFO   遷移先画面:  /test_get.jsp
2021/06/16 21:22:56.322 [main] INFO   「DBからデータを取得して画面遷移」を終了します。
2021/06/16 21:34:44.317 [main] INFO   「DBからデータを取得して画面遷移」を開始します。
2021/06/16 21:34:52.237 [main] ERROR  Viewファイルのパスが見つかりません。
2021/06/16 21:36:57.530 [main] INFO   「DBからデータを取得して画面遷移」を開始します。
2021/06/16 21:36:57.536 [main] ERROR  Viewファイルのパスが見つかりません。
2021/06/16 21:36:57.660 [main] INFO   「DBにデータ保存をして画面遷移」を開始します。
2021/06/16 21:36:57.667 [main] INFO   SQLを実行します: INSERT INTO Employee VALUES (2, 'yamada', 'yamada@test.co.jp');
2021/06/16 21:36:57.759 [main] INFO   遷移先画面:  /test_post.jsp
2021/06/16 21:36:57.760 [main] INFO   「DBにデータ保存をして画面遷移」を終了します。
2021/06/16 21:36:57.895 [main] INFO   「DBにデータ保存をして画面遷移」を開始します。
2021/06/16 21:36:57.901 [main] INFO   SQLを実行します: UPDATE Employee SET name='tanaka', email='tanaka@test.co.jp' WHERE id=1;
2021/06/16 21:36:58.001 [main] INFO   遷移先画面:  /test_post.jsp
2021/06/16 21:36:58.001 [main] INFO   「DBにデータ保存をして画面遷移」を終了します。
2021/06/16 21:36:58.121 [main] INFO   「DBからデータを取得して画面遷移」を開始します。
2021/06/16 21:36:58.124 [main] ERROR  Viewファイルのパスが見つかりません。
2021/06/16 21:36:58.245 [main] INFO   「DBからデータを取得して画面遷移」を開始します。
2021/06/16 21:36:58.248 [main] ERROR  SQLファイルのパスが見つかりません。
2021/06/16 21:36:58.340 [main] INFO   「DBからデータを取得して画面遷移」を開始します。
2021/06/16 21:36:58.345 [main] INFO   遷移先画面:  /index.jsp
2021/06/16 21:36:58.345 [main] INFO   「DBからデータを取得して画面遷移」を終了します。
2021/06/16 21:36:58.446 [main] INFO   「DBからデータを取得して画面遷移」を開始します。
2021/06/16 21:36:58.451 [main] INFO   SQLを実行します: select id, name, email from Employee;
2021/06/16 21:36:58.525 [main] INFO   遷移先画面:  /test_get.jsp
2021/06/16 21:36:58.526 [main] INFO   「DBからデータを取得して画面遷移」を終了します。
2021/06/16 21:37:20.644 [main] INFO   「DBからデータを取得して画面遷移」を開始します。
2021/06/16 21:37:20.652 [main] ERROR  SQLファイルのパスが見つかりません。
2021/06/16 21:43:26.934 [main] INFO   「DBからデータを取得して画面遷移」を開始します。
2021/06/16 21:43:31.363 [main] INFO   SQLを実行します: SELECT aaa FROM aaa;
2021/06/16 21:43:32.567 [main] ERROR  ERROR: リレーション"aaa"は存在しません
  位置: 17
2021/06/16 21:43:32.568 [main] INFO   遷移先画面:  /system_error.jsp
2021/06/16 21:44:11.595 [main] INFO   「DBからデータを取得して画面遷移」を開始します。
2021/06/16 21:44:15.921 [main] INFO   SQLを実行します: SELECT aaa FROM aaa;
2021/06/16 21:44:42.995 [main] ERROR  ERROR: リレーション"aaa"は存在しません
  位置: 17
2021/06/16 21:47:40.525 [main] INFO   遷移先画面:  /system_error.jsp
2021/06/16 21:53:45.616 [main] INFO   「DBからデータを取得して画面遷移」を開始します。
2021/06/16 21:53:45.622 [main] INFO   SQLを実行します: SELECT aaa FROM aaa;
2021/06/16 21:53:45.712 [main] ERROR  ERROR: リレーション"aaa"は存在しません
  位置: 17
2021/06/16 21:53:45.712 [main] INFO   遷移先画面:  /system_error.jsp
2021/06/16 22:04:06.772 [main] INFO   「DBからデータを取得して画面遷移」を開始します。
2021/06/16 22:04:06.778 [main] ERROR  Viewファイルのパスが見つかりません。
2021/06/16 22:04:06.883 [main] INFO   「DBにデータ保存をして画面遷移」を開始します。
2021/06/16 22:04:06.888 [main] INFO   SQLを実行します: INSERT INTO Employee VALUES (2, 'yamada', 'yamada@test.co.jp');
2021/06/16 22:04:06.965 [main] INFO   遷移先画面:  /test_post.jsp
2021/06/16 22:04:06.966 [main] INFO   「DBにデータ保存をして画面遷移」を終了します。
2021/06/16 22:04:07.079 [main] INFO   「DBにデータ保存をして画面遷移」を開始します。
2021/06/16 22:04:07.084 [main] INFO   SQLを実行します: UPDATE Employee SET name='tanaka', email='tanaka@test.co.jp' WHERE id=1;
2021/06/16 22:04:07.170 [main] INFO   遷移先画面:  /test_post.jsp
2021/06/16 22:04:07.170 [main] INFO   「DBにデータ保存をして画面遷移」を終了します。
2021/06/16 22:04:07.281 [main] INFO   「DBからデータを取得して画面遷移」を開始します。
2021/06/16 22:04:07.285 [main] ERROR  エラー画面ファイルのパスが見つかりません。
2021/06/16 22:04:07.388 [main] INFO   「DBからデータを取得して画面遷移」を開始します。
2021/06/16 22:04:07.392 [main] ERROR  SQLファイルのパスが見つかりません。
2021/06/16 22:04:07.494 [main] INFO   「DBからデータを取得して画面遷移」を開始します。
2021/06/16 22:04:07.498 [main] INFO   SQLを実行します: SELECT aaa FROM aaa;
2021/06/16 22:04:07.587 [main] ERROR  ERROR: リレーション"aaa"は存在しません
  位置: 17
2021/06/16 22:04:07.587 [main] INFO   遷移先画面:  /system_error.jsp
2021/06/16 22:04:07.684 [main] INFO   「DBからデータを取得して画面遷移」を開始します。
2021/06/16 22:04:07.700 [main] INFO   遷移先画面:  /index.jsp
2021/06/16 22:04:07.701 [main] INFO   「DBからデータを取得して画面遷移」を終了します。
2021/06/16 22:04:07.796 [main] INFO   「DBからデータを取得して画面遷移」を開始します。
2021/06/16 22:04:07.800 [main] INFO   SQLを実行します: select id, name, email from Employee;
2021/06/16 22:04:07.882 [main] INFO   遷移先画面:  /test_get.jsp
2021/06/16 22:04:07.882 [main] INFO   「DBからデータを取得して画面遷移」を終了します。
2021/06/16 22:08:15.912 [main] INFO   「DBからデータを取得して画面遷移」を開始します。
2021/06/16 22:08:15.919 [main] ERROR  Viewファイルのパスが見つかりません。
2021/06/16 22:08:16.037 [main] INFO   「DBにデータ保存をして画面遷移」を開始します。
2021/06/16 22:08:16.042 [main] INFO   SQLを実行します: INSERT INTO Employee VALUES (2, 'yamada', 'yamada@test.co.jp');
2021/06/16 22:08:16.156 [main] INFO   遷移先画面:  /test_post.jsp
2021/06/16 22:08:16.157 [main] INFO   「DBにデータ保存をして画面遷移」を終了します。
2021/06/16 22:08:16.336 [main] INFO   「DBにデータ保存をして画面遷移」を開始します。
2021/06/16 22:08:16.343 [main] INFO   SQLを実行します: UPDATE Employee SET name='tanaka', email='tanaka@test.co.jp' WHERE id=1;
2021/06/16 22:08:16.452 [main] INFO   遷移先画面:  /test_post.jsp
2021/06/16 22:08:16.452 [main] INFO   「DBにデータ保存をして画面遷移」を終了します。
2021/06/16 22:08:16.566 [main] INFO   「DBからデータを取得して画面遷移」を開始します。
2021/06/16 22:08:16.569 [main] ERROR  エラー画面ファイルのパスが見つかりません。
2021/06/16 22:08:16.684 [main] INFO   「DBからデータを取得して画面遷移」を開始します。
2021/06/16 22:08:16.688 [main] ERROR  SQLファイルのパスが見つかりません。
2021/06/16 22:08:16.801 [main] INFO   「DBからデータを取得して画面遷移」を開始します。
2021/06/16 22:08:16.805 [main] INFO   SQLを実行します: SELECT aaa FROM aaa;
2021/06/16 22:08:16.909 [main] ERROR  ERROR: リレーション"aaa"は存在しません
  位置: 17
2021/06/16 22:08:16.909 [main] INFO   遷移先画面:  /system_error.jsp
2021/06/16 22:08:17.038 [main] INFO   「DBからデータを取得して画面遷移」を開始します。
2021/06/16 22:08:17.043 [main] INFO   遷移先画面:  /index.jsp
2021/06/16 22:08:17.043 [main] INFO   「DBからデータを取得して画面遷移」を終了します。
2021/06/16 22:08:17.175 [main] INFO   「DBからデータを取得して画面遷移」を開始します。
2021/06/16 22:08:17.179 [main] INFO   SQLを実行します: select id, name, email from Employee;
2021/06/16 22:08:17.274 [main] INFO   遷移先画面:  /test_get.jsp
2021/06/16 22:08:17.275 [main] INFO   「DBからデータを取得して画面遷移」を終了します。
2021/06/16 22:15:53.745 [main] INFO   「DBからデータを取得して画面遷移」を開始します。
2021/06/16 22:15:53.776 [main] ERROR  Viewファイルのパスが見つかりません。
2021/06/16 22:15:54.041 [main] INFO   「DBにデータ保存をして画面遷移」を開始します。
2021/06/16 22:15:54.057 [main] INFO   SQLを実行します: INSERT INTO Employee VALUES (2, 'yamada', 'yamada@test.co.jp');
2021/06/16 22:15:54.338 [main] INFO   遷移先画面:  /test_post.jsp
2021/06/16 22:15:54.338 [main] INFO   「DBにデータ保存をして画面遷移」を終了します。
2021/06/16 22:15:54.682 [main] INFO   「DBにデータ保存をして画面遷移」を開始します。
2021/06/16 22:15:54.682 [main] INFO   SQLを実行します: UPDATE Employee SET name='tanaka', email='tanaka@test.co.jp' WHERE id=1;
2021/06/16 22:15:54.916 [main] INFO   遷移先画面:  /test_post.jsp
2021/06/16 22:15:54.916 [main] INFO   「DBにデータ保存をして画面遷移」を終了します。
2021/06/16 22:15:55.182 [main] INFO   「DBからデータを取得して画面遷移」を開始します。
2021/06/16 22:15:55.198 [main] ERROR  エラー画面ファイルのパスが見つかりません。
2021/06/16 22:15:55.432 [main] INFO   「DBからデータを取得して画面遷移」を開始します。
2021/06/16 22:15:55.432 [main] ERROR  SQLファイルのパスが見つかりません。
2021/06/16 22:15:55.666 [main] INFO   「DBからデータを取得して画面遷移」を開始します。
2021/06/16 22:15:55.666 [main] INFO   SQLを実行します: SELECT aaa FROM aaa;
2021/06/16 22:15:55.901 [main] ERROR  ERROR: リレーション"aaa"は存在しません
  位置: 17
2021/06/16 22:15:55.901 [main] INFO   遷移先画面:  /system_error.jsp
2021/06/16 22:15:56.119 [main] INFO   「DBからデータを取得して画面遷移」を開始します。
2021/06/16 22:15:56.119 [main] INFO   遷移先画面:  /index.jsp
2021/06/16 22:15:56.135 [main] INFO   「DBからデータを取得して画面遷移」を終了します。
2021/06/16 22:15:56.369 [main] INFO   「DBからデータを取得して画面遷移」を開始します。
2021/06/16 22:15:56.369 [main] INFO   SQLを実行します: select id, name, email from Employee;
2021/06/16 22:15:56.588 [main] INFO   遷移先画面:  /test_get.jsp
2021/06/16 22:15:56.588 [main] INFO   「DBからデータを取得して画面遷移」を終了します。
2021/06/16 22:47:17.614 [main] INFO   「DBからデータを取得して画面遷移」を開始します。
2021/06/16 22:47:17.621 [main] ERROR  Viewファイルのパスが見つかりません。
2021/06/16 22:47:17.810 [main] INFO   「DBにデータ保存をして画面遷移」を開始します。
2021/06/16 22:47:17.816 [main] INFO   SQLを実行します: INSERT INTO Employee VALUES (2, 'yamada', 'yamada@test.co.jp');
2021/06/16 22:47:17.948 [main] INFO   遷移先画面:  /test_post.jsp
2021/06/16 22:47:17.949 [main] INFO   「DBにデータ保存をして画面遷移」を終了します。
2021/06/16 22:47:18.141 [main] INFO   「DBにデータ保存をして画面遷移」を開始します。
2021/06/16 22:47:18.146 [main] INFO   SQLを実行します: UPDATE Employee SET name='tanaka', email='tanaka@test.co.jp' WHERE id=1;
2021/06/16 22:47:18.246 [main] INFO   遷移先画面:  /test_post.jsp
2021/06/16 22:47:18.246 [main] INFO   「DBにデータ保存をして画面遷移」を終了します。
2021/06/16 22:47:18.377 [main] INFO   「DBからデータを取得して画面遷移」を開始します。
2021/06/16 22:47:18.381 [main] ERROR  エラー画面ファイルのパスが見つかりません。
2021/06/16 22:47:18.499 [main] INFO   「DBからデータを取得して画面遷移」を開始します。
2021/06/16 22:47:18.503 [main] ERROR  SQLファイルのパスが見つかりません。
2021/06/16 22:47:18.614 [main] INFO   「DBからデータを取得して画面遷移」を開始します。
2021/06/16 22:47:18.618 [main] INFO   SQLを実行します: SELECT aaa FROM aaa;
2021/06/16 22:47:18.737 [main] ERROR  ERROR: リレーション"aaa"は存在しません
  位置: 17
2021/06/16 22:47:18.737 [main] INFO   遷移先画面:  /system_error.jsp
2021/06/16 22:47:18.889 [main] INFO   「DBからデータを取得して画面遷移」を開始します。
2021/06/16 22:47:18.895 [main] INFO   遷移先画面:  /index.jsp
2021/06/16 22:47:18.895 [main] INFO   「DBからデータを取得して画面遷移」を終了します。
2021/06/16 22:47:19.041 [main] INFO   「DBからデータを取得して画面遷移」を開始します。
2021/06/16 22:47:19.045 [main] INFO   SQLを実行します: select id, name, email from Employee;
2021/06/16 22:47:19.176 [main] INFO   遷移先画面:  /test_get.jsp
2021/06/16 22:47:19.176 [main] INFO   「DBからデータを取得して画面遷移」を終了します。
2021/06/16 22:59:06.382 [http-nio-8080-exec-3] INFO   「DBからデータを取得して画面遷移」を開始します。
2021/06/16 22:59:06.390 [http-nio-8080-exec-3] INFO   遷移先画面:  /index.jsp
2021/06/16 22:59:06.391 [http-nio-8080-exec-3] INFO   「DBからデータを取得して画面遷移」を終了します。
2021/06/16 23:17:19.650 [main] INFO   「DBからデータを取得して画面遷移」を開始します。
2021/06/16 23:17:19.656 [main] ERROR  Viewファイルのパスが見つかりません。
2021/06/16 23:17:19.759 [main] INFO   「DBにデータ保存をして画面遷移」を開始します。
2021/06/16 23:17:19.764 [main] INFO   SQLを実行します: INSERT INTO Employee VALUES (2, 'yamada', 'yamada@test.co.jp');
2021/06/16 23:17:19.839 [main] INFO   遷移先画面:  /test_post.jsp
2021/06/16 23:17:19.840 [main] INFO   「DBにデータ保存をして画面遷移」を終了します。
2021/06/16 23:17:19.946 [main] INFO   「DBにデータ保存をして画面遷移」を開始します。
2021/06/16 23:17:19.951 [main] INFO   SQLを実行します: UPDATE Employee SET name='tanaka', email='tanaka@test.co.jp' WHERE id=1;
2021/06/16 23:17:20.033 [main] INFO   遷移先画面:  /test_post.jsp
2021/06/16 23:17:20.033 [main] INFO   「DBにデータ保存をして画面遷移」を終了します。
2021/06/16 23:17:20.233 [main] INFO   「DBからデータを取得して画面遷移」を開始します。
2021/06/16 23:17:20.236 [main] ERROR  エラー画面ファイルのパスが見つかりません。
2021/06/16 23:17:20.329 [main] INFO   「DBからデータを取得して画面遷移」を開始します。
2021/06/16 23:17:20.332 [main] ERROR  SQLファイルのパスが見つかりません。
2021/06/16 23:17:20.438 [main] INFO   「DBからデータを取得して画面遷移」を開始します。
2021/06/16 23:17:20.442 [main] INFO   SQLを実行します: SELECT aaa FROM aaa;
2021/06/16 23:17:20.548 [main] ERROR  ERROR: リレーション"aaa"は存在しません
  位置: 17
2021/06/16 23:17:20.548 [main] INFO   遷移先画面:  /system_error.jsp
2021/06/16 23:17:20.659 [main] INFO   「DBからデータを取得して画面遷移」を開始します。
2021/06/16 23:17:20.665 [main] INFO   遷移先画面:  /index.jsp
2021/06/16 23:17:20.665 [main] INFO   「DBからデータを取得して画面遷移」を終了します。
2021/06/16 23:17:20.779 [main] INFO   「DBからデータを取得して画面遷移」を開始します。
2021/06/16 23:17:20.783 [main] INFO   SQLを実行します: select id, name, email from Employee;
2021/06/16 23:17:20.863 [main] INFO   遷移先画面:  /test_get.jsp
2021/06/16 23:17:20.864 [main] INFO   「DBからデータを取得して画面遷移」を終了します。
2021/06/16 23:20:33.024 [http-nio-8080-exec-3] INFO   「DBからデータを取得して画面遷移」を開始します。
2021/06/16 23:20:33.030 [http-nio-8080-exec-3] INFO   遷移先画面:  /index.jsp
2021/06/16 23:20:33.031 [http-nio-8080-exec-3] INFO   「DBからデータを取得して画面遷移」を終了します。
2021/06/16 23:32:31.060 [http-nio-8080-exec-3] INFO   「DBからデータを取得して画面遷移」を開始します。
2021/06/16 23:32:31.063 [http-nio-8080-exec-3] INFO   SQLを実行します: select id, name, email from Employee;
2021/06/16 23:32:31.628 [http-nio-8080-exec-3] INFO   遷移先画面:  /test_get.jsp
2021/06/16 23:32:31.629 [http-nio-8080-exec-3] INFO   「DBからデータを取得して画面遷移」を終了します。
2021/06/16 23:37:14.996 [http-nio-8080-exec-3] INFO   「DBからデータを取得して画面遷移」を開始します。
2021/06/16 23:37:15.000 [http-nio-8080-exec-3] INFO   SQLを実行します: select id, name, email from Employee;
2021/06/16 23:37:15.555 [http-nio-8080-exec-3] INFO   遷移先画面:  /test_get.jsp
2021/06/16 23:37:15.556 [http-nio-8080-exec-3] INFO   「DBからデータを取得して画面遷移」を終了します。
2021/06/16 23:50:18.895 [http-nio-8080-exec-3] INFO   「DBからデータを取得して画面遷移」を開始します。
2021/06/16 23:50:18.900 [http-nio-8080-exec-3] INFO   遷移先画面:  /index.jsp
2021/06/16 23:50:18.900 [http-nio-8080-exec-3] INFO   「DBからデータを取得して画面遷移」を終了します。
2021/06/16 23:56:40.830 [http-nio-8080-exec-4] INFO   「DBからデータを取得して画面遷移」を開始します。
2021/06/16 23:56:40.830 [http-nio-8080-exec-4] INFO   SQLを実行します: select id, name, email from Employee;
2021/06/16 23:56:41.596 [http-nio-8080-exec-4] INFO   遷移先画面:  /test_get.jsp
2021/06/16 23:56:41.596 [http-nio-8080-exec-4] INFO   「DBからデータを取得して画面遷移」を終了します。
2021/06/17 00:11:03.647 [http-nio-8080-exec-7] INFO   「DBにデータ保存をして画面遷移」を開始します。
2021/06/17 00:11:03.651 [http-nio-8080-exec-7] INFO   遷移先画面:  /index.jsp
2021/06/17 00:11:03.651 [http-nio-8080-exec-7] INFO   「DBにデータ保存をして画面遷移」を終了します。
2021/06/17 00:29:41.101 [http-nio-8080-exec-6] INFO   「DBにデータ保存をして画面遷移」を開始します。
2021/06/17 00:29:41.106 [http-nio-8080-exec-6] INFO   SQLを実行します: INSERT INTO Employee VALUES (2, '1', '1');
2021/06/17 00:29:41.753 [http-nio-8080-exec-6] INFO   遷移先画面:  /test_post.jsp
2021/06/17 00:29:41.754 [http-nio-8080-exec-6] INFO   「DBにデータ保存をして画面遷移」を終了します。
2021/06/17 00:32:20.295 [http-nio-8080-exec-6] INFO   「DBにデータ保存をして画面遷移」を開始します。
2021/06/17 00:32:20.298 [http-nio-8080-exec-6] INFO   SQLを実行します: INSERT INTO Employee VALUES (2, 'aaa', 'email');
2021/06/17 00:32:20.964 [http-nio-8080-exec-6] ERROR  ERROR: 重複したキー値は一意性制約"employee_pkey"違反となります
  詳細: キー (id)=(2) はすでに存在します。
2021/06/17 00:32:20.964 [http-nio-8080-exec-6] INFO   遷移先画面:  /system_error.jsp
2021/06/17 00:43:50.911 [http-nio-8080-exec-3] INFO   「DBにデータ保存をして画面遷移」を開始します。
2021/06/17 00:43:50.914 [http-nio-8080-exec-3] INFO   SQLを実行します: UPDATE Employee SET name='yamada', email='yamada' WHERE id=1;
2021/06/17 00:43:51.417 [http-nio-8080-exec-3] INFO   遷移先画面:  /test_post.jsp
2021/06/17 00:43:51.417 [http-nio-8080-exec-3] INFO   「DBにデータ保存をして画面遷移」を終了します。
2021/06/17 18:34:31.969 [main] INFO   「DBからデータを取得して画面遷移」を開始します。
2021/06/17 18:34:31.973 [main] ERROR  Viewファイルのパスが見つかりません。
2021/06/17 18:34:32.061 [main] INFO   「DBにデータ保存をして画面遷移」を開始します。
2021/06/17 18:34:32.062 [main] ERROR  C:\Users\suzuk\eclipse-workspace\lowcodeframework\setting.xml\setting.xml (指定されたパスが見つかりません。)
2021/06/17 18:34:32.167 [main] INFO   「DBにデータ保存をして画面遷移」を開始します。
2021/06/17 18:34:32.169 [main] ERROR  C:\Users\suzuk\eclipse-workspace\lowcodeframework\setting.xml\setting.xml (指定されたパスが見つかりません。)
2021/06/17 18:34:32.280 [main] INFO   「DBからデータを取得して画面遷移」を開始します。
2021/06/17 18:34:32.285 [main] ERROR  エラー画面ファイルのパスが見つかりません。
2021/06/17 18:34:32.393 [main] INFO   「DBからデータを取得して画面遷移」を開始します。
2021/06/17 18:34:32.397 [main] ERROR  SQLファイルのパスが見つかりません。
2021/06/17 18:34:32.506 [main] INFO   「DBからデータを取得して画面遷移」を開始します。
2021/06/17 18:34:32.509 [main] INFO   SQLを実行します: SELECT aaa FROM aaa;
2021/06/17 18:34:32.599 [main] ERROR  ERROR: リレーション"aaa"は存在しません
  位置: 17
2021/06/17 18:34:32.599 [main] INFO   遷移先画面:  /system_error.jsp
2021/06/17 18:34:32.692 [main] INFO   「DBからデータを取得して画面遷移」を開始します。
2021/06/17 18:34:32.694 [main] ERROR  C:\Users\suzuk\eclipse-workspace\lowcodeframework\setting.xml\setting.xml (指定されたパスが見つかりません。)
2021/06/17 18:34:32.792 [main] INFO   「DBからデータを取得して画面遷移」を開始します。
2021/06/17 18:34:32.794 [main] ERROR  C:\Users\suzuk\eclipse-workspace\lowcodeframework\setting.xml\setting.xml (指定されたパスが見つかりません。)
2021/06/17 18:36:11.866 [main] INFO   「DBからデータを取得して画面遷移」を開始します。
2021/06/17 18:36:11.871 [main] ERROR  Viewファイルのパスが見つかりません。
2021/06/17 18:36:11.972 [main] INFO   「DBにデータ保存をして画面遷移」を開始します。
2021/06/17 18:36:11.977 [main] INFO   SQLを実行します: INSERT INTO Employee VALUES (2, 'yamada', 'yamada@test.co.jp');
2021/06/17 18:36:12.058 [main] INFO   遷移先画面:  /test_post.jsp
2021/06/17 18:36:12.059 [main] INFO   「DBにデータ保存をして画面遷移」を終了します。
2021/06/17 18:36:12.174 [main] INFO   「DBにデータ保存をして画面遷移」を開始します。
2021/06/17 18:36:12.179 [main] INFO   SQLを実行します: UPDATE Employee SET name='tanaka', email='tanaka@test.co.jp' WHERE id=1;
2021/06/17 18:36:12.270 [main] INFO   遷移先画面:  /test_post.jsp
2021/06/17 18:36:12.270 [main] INFO   「DBにデータ保存をして画面遷移」を終了します。
2021/06/17 18:36:12.371 [main] INFO   「DBからデータを取得して画面遷移」を開始します。
2021/06/17 18:36:12.375 [main] ERROR  エラー画面ファイルのパスが見つかりません。
2021/06/17 18:36:12.471 [main] INFO   「DBからデータを取得して画面遷移」を開始します。
2021/06/17 18:36:12.474 [main] ERROR  SQLファイルのパスが見つかりません。
2021/06/17 18:36:12.572 [main] INFO   「DBからデータを取得して画面遷移」を開始します。
2021/06/17 18:36:12.576 [main] INFO   SQLを実行します: SELECT aaa FROM aaa;
2021/06/17 18:36:12.671 [main] ERROR  ERROR: リレーション"aaa"は存在しません
  位置: 17
2021/06/17 18:36:12.671 [main] INFO   遷移先画面:  /system_error.jsp
2021/06/17 18:36:12.772 [main] INFO   「DBからデータを取得して画面遷移」を開始します。
2021/06/17 18:36:12.775 [main] WARN   指定された識別子が見つからなかった為、デフォルト画面に遷移します。識別子: no_exist
2021/06/17 18:36:12.779 [main] INFO   遷移先画面:  /index.jsp
2021/06/17 18:36:12.779 [main] INFO   「DBからデータを取得して画面遷移」を終了します。
2021/06/17 18:36:12.881 [main] INFO   「DBからデータを取得して画面遷移」を開始します。
2021/06/17 18:36:12.885 [main] INFO   SQLを実行します: select id, name, email from Employee;
2021/06/17 18:36:12.961 [main] INFO   遷移先画面:  /test_get.jsp
2021/06/17 18:36:12.962 [main] INFO   「DBからデータを取得して画面遷移」を終了します。
